<?xml version="1.0" encoding="UTF-8"?>
<testsuite xmlns:xsi="http://www.w3.org/2001/XMLSchema-instance" xsi:noNamespaceSchemaLocation="https://maven.apache.org/surefire/maven-surefire-plugin/xsd/surefire-test-report-3.0.xsd" version="3.0" name="com.example.medicalregister.beans.PatientBeanTest" time="2.131" tests="5" errors="0" skipped="0" failures="0">
  <properties>
[...]
</properties>
  <testcase name="testGetPatients" classname="com.example.medicalregister.beans.PatientBeanTest" time="0.439">
    <system-out><![CDATA[10:49:33.604 [main] INFO org.springframework.test.context.support.AnnotationConfigContextLoaderUtils -- Could not detect default configuration classes for test class [com.example.medicalregister.beans.PatientBeanTest]: PatientBeanTest does not declare any static, non-private, non-final, nested classes annotated with @Configuration.
10:49:33.662 [main] INFO org.springframework.boot.test.context.SpringBootTestContextBootstrapper -- Found @SpringBootConfiguration com.example.medicalregister.MedicalRegisterApplication for test class com.example.medicalregister.beans.PatientBeanTest

  .   ____          _            __ _ _
 /\\ / ___'_ __ _ _(_)_ __  __ _ \ \ \ \
( ( )\___ | '_ | '_| | '_ \/ _` | \ \ \ \
 \\/  ___)| |_)| | | | | || (_| |  ) ) ) )
  '  |____| .__|_| |_|_| |_\__, | / / / /
 =========|_|==============|___/=/_/_/_/
 :: Spring Boot ::                (v3.1.4)

2025-07-14 10:49:33.931 [main] INFO  c.e.m.beans.PatientBeanTest - Starting PatientBeanTest using Java 17 with PID 10408 (started by devendrasharma in /Users/devendrasharma/Desktop/medical-register-crud-sb3)
2025-07-14 10:49:33.931 [main] DEBUG c.e.m.beans.PatientBeanTest - Running with Spring Boot v3.1.4, Spring v6.0.12
2025-07-14 10:49:33.932 [main] INFO  c.e.m.beans.PatientBeanTest - No active profile set, falling back to 1 default profile: "default"
2025-07-14 10:49:34.117 [main] INFO  o.s.d.r.c.RepositoryConfigurationDelegate - Bootstrapping Spring Data JPA repositories in DEFAULT mode.
2025-07-14 10:49:34.139 [main] INFO  o.s.d.r.c.RepositoryConfigurationDelegate - Finished Spring Data repository scanning in 18 ms. Found 1 JPA repository interfaces.
2025-07-14 10:49:34.163 [main] INFO  o.s.b.t.a.j.TestDatabaseAutoConfiguration$EmbeddedDataSourceBeanFactoryPostProcessor - Replacing 'dataSource' DataSource bean with embedded version
2025-07-14 10:49:34.246 [main] INFO  o.s.j.d.e.EmbeddedDatabaseFactory - Starting embedded database: url='jdbc:h2:mem:00dcbd9c-bdf5-4663-a6ed-a06c1c3101ad;DB_CLOSE_DELAY=-1;DB_CLOSE_ON_EXIT=false', username='sa'
2025-07-14 10:49:34.385 [main] INFO  o.h.jpa.internal.util.LogHelper - HHH000204: Processing PersistenceUnitInfo [name: default]
2025-07-14 10:49:34.419 [main] INFO  org.hibernate.Version - HHH000412: Hibernate ORM core version 6.2.9.Final
2025-07-14 10:49:34.421 [main] INFO  org.hibernate.cfg.Environment - HHH000406: Using bytecode reflection optimizer
2025-07-14 10:49:34.487 [main] INFO  o.h.b.i.BytecodeProviderInitiator - HHH000021: Bytecode provider name : bytebuddy
2025-07-14 10:49:34.556 [main] INFO  o.s.o.j.p.SpringPersistenceUnitInfo - No LoadTimeWeaver setup: ignoring JPA class transformer
2025-07-14 10:49:34.683 [main] INFO  o.h.b.i.BytecodeProviderInitiator - HHH000021: Bytecode provider name : bytebuddy
2025-07-14 10:49:34.986 [main] INFO  o.h.e.t.j.p.i.JtaPlatformInitiator - HHH000490: Using JtaPlatform implementation: [org.hibernate.engine.transaction.jta.platform.internal.NoJtaPlatform]
2025-07-14 10:49:35.011 [main] DEBUG org.hibernate.SQL - create table patient (id bigint generated by default as identity, age integer, medical_history varchar(2000), name varchar(255), primary key (id))
Hibernate: create table patient (id bigint generated by default as identity, age integer, medical_history varchar(2000), name varchar(255), primary key (id))
2025-07-14 10:49:35.015 [main] INFO  o.s.o.j.LocalContainerEntityManagerFactoryBean - Initialized JPA EntityManagerFactory for persistence unit 'default'
2025-07-14 10:49:35.171 [main] INFO  c.e.m.beans.PatientBeanTest - Started PatientBeanTest in 1.47 seconds (process running for 1.976)
2025-07-14 10:49:35.514 [main] DEBUG org.hibernate.SQL - insert into patient (age,medical_history,name,id) values (?,?,?,default)
Hibernate: insert into patient (age,medical_history,name,id) values (?,?,?,default)
2025-07-14 10:49:35.521 [main] DEBUG org.hibernate.SQL - insert into patient (age,medical_history,name,id) values (?,?,?,default)
Hibernate: insert into patient (age,medical_history,name,id) values (?,?,?,default)
2025-07-14 10:49:35.572 [main] DEBUG org.hibernate.SQL - select p1_0.id,p1_0.age,p1_0.medical_history,p1_0.name from patient p1_0
Hibernate: select p1_0.id,p1_0.age,p1_0.medical_history,p1_0.name from patient p1_0
]]></system-out>
  </testcase>
  <testcase name="testGoToUpdatePatient" classname="com.example.medicalregister.beans.PatientBeanTest" time="0.006">
    <system-out><![CDATA[2025-07-14 10:49:35.617 [main] DEBUG org.hibernate.SQL - insert into patient (age,medical_history,name,id) values (?,?,?,default)
Hibernate: insert into patient (age,medical_history,name,id) values (?,?,?,default)
2025-07-14 10:49:35.618 [main] DEBUG c.e.m.beans.PatientBean - Navigating to update page for patient ID: 3
]]></system-out>
  </testcase>
  <testcase name="testSavePatient" classname="com.example.medicalregister.beans.PatientBeanTest" time="0.004">
    <system-out><![CDATA[2025-07-14 10:49:35.623 [main] DEBUG org.hibernate.SQL - insert into patient (age,medical_history,name,id) values (?,?,?,default)
Hibernate: insert into patient (age,medical_history,name,id) values (?,?,?,default)
]]></system-out>
  </testcase>
  <testcase name="testUpdatePatient" classname="com.example.medicalregister.beans.PatientBeanTest" time="0.006">
    <system-out><![CDATA[2025-07-14 10:49:35.628 [main] DEBUG org.hibernate.SQL - insert into patient (age,medical_history,name,id) values (?,?,?,default)
Hibernate: insert into patient (age,medical_history,name,id) values (?,?,?,default)
]]></system-out>
  </testcase>
  <testcase name="testDeletePatient" classname="com.example.medicalregister.beans.PatientBeanTest" time="0.007">
    <system-out><![CDATA[2025-07-14 10:49:35.636 [main] DEBUG org.hibernate.SQL - insert into patient (age,medical_history,name,id) values (?,?,?,default)
Hibernate: insert into patient (age,medical_history,name,id) values (?,?,?,default)
]]></system-out>
  </testcase>
</testsuite>